<?xml version="1.0" encoding="UTF-8"?>
<!-- Generated by org.testng.reporters.JUnitReportReporter -->
<testsuite hostname="DESKTOP-2US5KLR" failures="0" tests="3" name="testngPackage.Openwebside" time="53.220" errors="0" timestamp="2023-03-04T08:59:31 PST" skipped="0">
  <testcase classname="testngPackage.Openwebside" name="openingAmazonSite" time="22.971"/>
  <system-out/>
  <testcase classname="testngPackage.Openwebside" name="openingYahooSite" time="15.918"/>
  <system-out/>
  <testcase classname="testngPackage.Openwebside" name="openingCnbcSite" time="14.331"/>
  <system-out/>
</testsuite> <!-- testngPackage.Openwebside -->
