<?xml version="1.0" encoding="UTF-8"?>
<!-- Generated by org.testng.reporters.JUnitReportReporter -->
<testsuite hostname="DESKTOP-2US5KLR" failures="0" tests="3" name="testngPackage.MultipleLoginDataproviders" time="27.545" errors="0" timestamp="2023-03-13T20:51:31 PDT" skipped="0">
  <testcase classname="testngPackage.MultipleLoginDataproviders" name="checking" time="7.768"/>
  <system-out/>
  <testcase classname="testngPackage.MultipleLoginDataproviders" name="checking" time="6.470"/>
  <system-out/>
  <testcase classname="testngPackage.MultipleLoginDataproviders" name="checking" time="13.307"/>
  <system-out/>
</testsuite> <!-- testngPackage.MultipleLoginDataproviders -->
