<?xml version="1.0" encoding="UTF-8"?>
<!-- Generated by org.testng.reporters.JUnitReportReporter -->
<testsuite hostname="DESKTOP-2US5KLR" failures="0" tests="1" name="testngPackage.testNGexample1" time="0.025" errors="0" timestamp="2023-02-26T08:45:05 PST" skipped="0">
  <testcase classname="testngPackage.testNGexample1" name="TestMethod" time="0.025"/>
  <system-out/>
</testsuite> <!-- testngPackage.testNGexample1 -->
