<?xml version="1.0" encoding="UTF-8"?>
<!-- Generated by org.testng.reporters.JUnitReportReporter -->
<testsuite hostname="DESKTOP-2US5KLR" failures="0" tests="1" name="testngPackage.BeforeAfterClass" time="7.248" errors="0" timestamp="2023-03-13T20:31:01 PDT" skipped="0">
  <testcase classname="testngPackage.BeforeAfterClass" name="performLogin" time="7.248"/>
  <system-out/>
</testsuite> <!-- testngPackage.BeforeAfterClass -->
